[+] Containers:
 |- [+] Container: /Game/ThirdPerson/Maps/ThirdPersonMap
 |   |- [+] ActorDescs:
 |   |   |- Guid:00BEF19B42FF52EFE7C3B993A87E9B8E BaseClass: NativeClass:/Script/Engine.StaticMeshActor Name:StaticMeshActor_UAID_244BFE54F8BB2B1802_2054231441 Label:SM_wall_fence_6 SpatiallyLoaded:1 Bounds:IsValid=true, Min=(X=59.971 Y=3250.000 Z=-1.326), Max=(X=860.001 Y=3610.000 Z=563.570) RuntimeGrid:None EditorOnly:0 RuntimeOnly:0 HLODRelevant:1 ListedInSceneOutliner:1 IsMainWorldOnly:0
 |   |   |- Guid:030729E64CECCA826C8D68ADFDBA879B BaseClass: NativeClass:/Script/Engine.StaticMeshActor Name:StaticMeshActor_UAID_244BFE54F8BB2C1802_1919613641 Label:SM_cliff_5 SpatiallyLoaded:1 Bounds:IsValid=true, Min=(X=-5259.064 Y=2188.268 Z=-2293.812), Max=(X=179.064 Y=7291.732 Z=793.812) RuntimeGrid:None EditorOnly:0 RuntimeOnly:0 HLODRelevant:1 ListedInSceneOutliner:1 IsMainWorldOnly:0
 |   |   |- Guid:0D0641FE45F33E0073843AB5F14E27BD BaseClass: NativeClass:/Script/Engine.StaticMeshActor Name:StaticMeshActor_UAID_244BFE54F8BB2B1802_1778758432 Label:SM_tree_02 SpatiallyLoaded:1 Bounds:IsValid=true, Min=(X=-395.445 Y=560.754 Z=-196.558), Max=(X=833.366 Y=1601.166 Z=1155.600) RuntimeGrid:None EditorOnly:0 RuntimeOnly:0 HLODRelevant:1 ListedInSceneOutliner:1 IsMainWorldOnly:0
 |   |   |- Guid:0E92F71F40F016B478A30F800BD18DFA BaseClass: NativeClass:/Script/Engine.StaticMeshActor Name:StaticMeshActor_UAID_244BFE54F8BB2C1802_1634702632 Label:SM_stone_flower_bed_01 SpatiallyLoaded:1 Bounds:IsValid=true, Min=(X=720.000 Y=1140.000 Z=10.000), Max=(X=880.000 Y=1420.000 Z=85.000) RuntimeGrid:None EditorOnly:0 RuntimeOnly:0 HLODRelevant:1 ListedInSceneOutliner:1 IsMainWorldOnly:0
 |   |   |- Guid:0F1A892E4A0574B3D1A8C980EC934E24 BaseClass: NativeClass:/Script/Engine.StaticMeshActor Name:StaticMeshActor_UAID_244BFE54F8BB2B1802_1840468435 Label:SM_wall_fence_corner_01 SpatiallyLoaded:1 Bounds:IsValid=true, Min=(X=-1323.997 Y=-143.980 Z=-1.326), Max=(X=-729.971 Y=450.001 Z=563.570) RuntimeGrid:None EditorOnly:0 RuntimeOnly:0 HLODRelevant:1 ListedInSceneOutliner:1 IsMainWorldOnly:0
 |   |   |- Guid:15B908EA4AF8C70A4C3F4695F5E9DDE6 BaseClass: NativeClass:/Script/Engine.StaticMeshActor Name:StaticMeshActor_UAID_244BFE54F8BB2B1802_2054240446 Label:SM_wall_fence_9 SpatiallyLoaded:1 Bounds:IsValid=true, Min=(X=1080.000 Y=2229.971 Z=-1.326), Max=(X=1440.000 Y=3030.000 Z=563.570) RuntimeGrid:None EditorOnly:0 RuntimeOnly:0 HLODRelevant:1 ListedInSceneOutliner:1 IsMainWorldOnly:0
 |   |   |- Guid:1824C1554513685E11973A8668CE5C12 BaseClass: NativeClass:/Script/Engine.StaticMeshActor Name:StaticMeshActor_UAID_244BFE54F8BB2B1802_1517208421 Label:SM_tower_3 SpatiallyLoaded:1 Bounds:IsValid=true, Min=(X=726.477 Y=1858.176 Z=0.000), Max=(X=1812.720 Y=2942.450 Z=2354.551) RuntimeGrid:None EditorOnly:0 RuntimeOnly:0 HLODRelevant:1 ListedInSceneOutliner:1 IsMainWorldOnly:0
 |   |   |- Guid:1B8E440C4A82DEF230D206BC43243B3A BaseClass: NativeClass:/Script/Engine.StaticMeshActor Name:StaticMeshActor_UAID_244BFE54F8BB2B1802_2076418447 Label:SM_wall_fence_10 SpatiallyLoaded:1 Bounds:IsValid=true, Min=(X=-1310.000 Y=1249.999 Z=-1.326), Max=(X=-950.000 Y=2250.036 Z=563.570) RuntimeGrid:None EditorOnly:0 RuntimeOnly:0 HLODRelevant:1 ListedInSceneOutliner:1 IsMainWorldOnly:0
 |   |   |- Guid:1EA065B3438BB811E82A3781D4213938 BaseClass: NativeClass:/Script/Engine.StaticMeshActor Name:StaticMeshActor_UAID_244BFE54F8BB2C1802_1942857642 Label:SM_cliff_3 SpatiallyLoaded:1 Bounds:IsValid=true, Min=(X=-4457.488 Y=3716.032 Z=191.625), Max=(X=-3162.512 Y=5003.968 Z=1688.375) RuntimeGrid:None EditorOnly:0 RuntimeOnly:0 HLODRelevant:1 ListedInSceneOutliner:1 IsMainWorldOnly:0
 |   |   |- Guid:262E5F584BBF608CE74BB89018EE4963 BaseClass: NativeClass:/Script/Engine.StaticMeshActor Name:StaticMeshActor_UAID_244BFE54F8BB2B1802_1646116426 Label:SM_flag_banner_2 SpatiallyLoaded:1 Bounds:IsValid=true, Min=(X=770.737 Y=973.020 Z=0.000), Max=(X=809.016 Y=1186.980 Z=516.792) RuntimeGrid:None EditorOnly:0 RuntimeOnly:0 HLODRelevant:1 ListedInSceneOutliner:1 IsMainWorldOnly:0
 |   |   |- Guid:27B788AC483036F94C65159D45D2B22D BaseClass: NativeClass:/Script/Engine.StaticMeshActor Name:StaticMeshActor_UAID_244BFE54F8BB2A1802_2126792233 Label:SM_waterfall SpatiallyLoaded:1 Bounds:IsValid=true, Min=(X=1753.994 Y=1754.871 Z=0.000), Max=(X=2207.802 Y=2539.704 Z=1493.814) RuntimeGrid:None EditorOnly:0 RuntimeOnly:0 HLODRelevant:1 ListedInSceneOutliner:1 IsMainWorldOnly:0
 |   |   |- Guid:286B847A4D0FE55CCFCDF4BF1E7B39EA BaseClass: NativeClass:/Script/Engine.StaticMeshActor Name:StaticMeshActor_UAID_244BFE54F8BB2B1802_1808389434 Label:SM_wall_fence_02 SpatiallyLoaded:1 Bounds:IsValid=true, Min=(X=-730.000 Y=-130.000 Z=-1.326), Max=(X=70.029 Y=230.000 Z=563.570) RuntimeGrid:None EditorOnly:0 RuntimeOnly:0 HLODRelevant:1 ListedInSceneOutliner:1 IsMainWorldOnly:0
 |   |   |- Guid:2A458AB84F7B890B7BF006BA57AEBAEC BaseClass: NativeClass:/Script/Engine.StaticMeshActor Name:StaticMeshActor_UAID_244BFE54F8BB2B1802_1638454425 Label:SM_flag_banner_01 SpatiallyLoaded:1 Bounds:IsValid=true, Min=(X=760.737 Y=1363.020 Z=0.000), Max=(X=799.016 Y=1576.980 Z=516.792) RuntimeGrid:None EditorOnly:0 RuntimeOnly:0 HLODRelevant:1 ListedInSceneOutliner:1 IsMainWorldOnly:0
 |   |   |- Guid:2A6255D14FFDD28DCE57A99664724382 BaseClass: NativeClass:/Script/Engine.StaticMeshActor Name:StaticMeshActor_UAID_244BFE54F8BB2C1802_1543665631 Label:SM_stone_flower_bed_3 SpatiallyLoaded:1 Bounds:IsValid=true, Min=(X=-338.646 Y=2367.673 Z=-90.000), Max=(X=138.646 Y=2852.327 Z=41.250) RuntimeGrid:None EditorOnly:0 RuntimeOnly:0 HLODRelevant:1 ListedInSceneOutliner:1 IsMainWorldOnly:0
 |   |   |- Guid:2B9E5A1B4A0A32F7D1A25A874FD607AE BaseClass: NativeClass:/Script/Engine.StaticMeshActor Name:StaticMeshActor_UAID_244BFE54F8BB2B1802_2054234442 Label:SM_wall_fence_corner_3 SpatiallyLoaded:1 Bounds:IsValid=true, Min=(X=859.971 Y=3029.999 Z=-1.326), Max=(X=1453.997 Y=3623.980 Z=563.570) RuntimeGrid:None EditorOnly:0 RuntimeOnly:0 HLODRelevant:1 ListedInSceneOutliner:1 IsMainWorldOnly:0
 |   |   |- Guid:2FB58999456391D349DC0F86DAC136ED BaseClass: NativeClass:/Script/Engine.SkyLight Name:SkyLight_1 Label:SkyLight SpatiallyLoaded:0 Bounds:IsValid=true, Min=(X=0.000 Y=0.000 Z=690.000), Max=(X=0.000 Y=0.000 Z=690.000) RuntimeGrid:None EditorOnly:0 RuntimeOnly:0 HLODRelevant:0 ListedInSceneOutliner:1 IsMainWorldOnly:0 FolderPath:Lighting FolderGuid:963EC3EB4002CCE9759E2EBA541A873A
 |   |   |- Guid:316CF2A6494ACA4C0E4180A87D36AB8F BaseClass: NativeClass:/Script/Engine.ExponentialHeightFog Name:ExponentialHeightFog_0 Label:ExponentialHeightFog SpatiallyLoaded:0 Bounds:IsValid=true, Min=(X=-5600.000 Y=-50.000 Z=-6850.000), Max=(X=-5600.000 Y=-50.000 Z=-6850.000) RuntimeGrid:None EditorOnly:0 RuntimeOnly:0 HLODRelevant:0 ListedInSceneOutliner:1 IsMainWorldOnly:0 FolderPath:Lighting FolderGuid:963EC3EB4002CCE9759E2EBA541A873A
 |   |   |- Guid:3A00AA1C422CE54C0BDB60BAF471BFBB BaseClass: NativeClass:/Script/Engine.PlayerStart Name:PlayerStart_0 Label:PlayerStart SpatiallyLoaded:0 Bounds:IsValid=true, Min=(X=-720.000 Y=1850.000 Z=0.013), Max=(X=-640.000 Y=1930.000 Z=184.013) RuntimeGrid:None EditorOnly:0 RuntimeOnly:0 HLODRelevant:0 ListedInSceneOutliner:1 IsMainWorldOnly:0
 |   |   |- Guid:402120904F82D43750D4679B1BDFCB81 BaseClass: NativeClass:/Script/Engine.StaticMeshActor Name:StaticMeshActor_UAID_244BFE54F8BB2C1802_1778994637 Label:SM_cliff_02 SpatiallyLoaded:1 Bounds:IsValid=true, Min=(X=-3057.488 Y=1646.032 Z=-208.375), Max=(X=-1762.512 Y=2933.968 Z=1288.375) RuntimeGrid:None EditorOnly:0 RuntimeOnly:0 HLODRelevant:1 ListedInSceneOutliner:1 IsMainWorldOnly:0
 |   |   |- Guid:4D3BE93F4146AAAC8BBE79999D96D57F BaseClass: NativeClass:/Script/Engine.VolumetricCloud Name:VolumetricCloud_0 Label:VolumetricCloud SpatiallyLoaded:0 Bounds:IsValid=true, Min=(X=0.000 Y=0.000 Z=820.000), Max=(X=0.000 Y=0.000 Z=820.000) RuntimeGrid:None EditorOnly:0 RuntimeOnly:0 HLODRelevant:0 ListedInSceneOutliner:1 IsMainWorldOnly:0 FolderPath:Lighting FolderGuid:963EC3EB4002CCE9759E2EBA541A873A
 |   |   |- Guid:54A3FF804DA114553D77D1BC2FB0FCDA BaseClass: NativeClass:/Script/Engine.StaticMeshActor Name:StaticMeshActor_UAID_244BFE54F8BB2C1802_1682693633 Label:SM_bush_flower_02 SpatiallyLoaded:1 Bounds:IsValid=true, Min=(X=724.130 Y=1159.669 Z=53.594), Max=(X=854.605 Y=1404.450 Z=162.950) RuntimeGrid:None EditorOnly:0 RuntimeOnly:0 HLODRelevant:1 ListedInSceneOutliner:1 IsMainWorldOnly:0
 |   |   |- Guid:5FD7A710429BB3A805EE6780F0B43555 BaseClass: NativeClass:/Script/Engine.StaticMeshActor Name:StaticMeshActor_UAID_244BFE54F8BB2B1802_1920636439 Label:SM_wall_fence_4 SpatiallyLoaded:1 Bounds:IsValid=true, Min=(X=1080.000 Y=450.000 Z=-1.326), Max=(X=1440.000 Y=1250.029 Z=563.570) RuntimeGrid:None EditorOnly:0 RuntimeOnly:0 HLODRelevant:1 ListedInSceneOutliner:1 IsMainWorldOnly:0
 |   |   |- Guid:61946BEF47DEDB05617AB5B18450132C BaseClass: NativeClass:/Script/Engine.StaticMeshActor Name:StaticMeshActor_UAID_244BFE54F8BB2B1802_1333692419 Label:SM_stairs_03 SpatiallyLoaded:1 Bounds:IsValid=true, Min=(X=510.000 Y=1690.000 Z=-0.000), Max=(X=930.000 Y=1990.000 Z=420.000) RuntimeGrid:None EditorOnly:0 RuntimeOnly:0 HLODRelevant:1 ListedInSceneOutliner:1 IsMainWorldOnly:0
 |   |   |- Guid:65A6DEB74907C9B30DC885B66D08871B BaseClass: NativeClass:/Script/Engine.StaticMeshActor Name:StaticMeshActor_UAID_244BFE54F8BB2B1802_2002497440 Label:SM_wall_fence_5 SpatiallyLoaded:1 Bounds:IsValid=true, Min=(X=-1310.000 Y=450.000 Z=-1.326), Max=(X=-950.000 Y=1250.029 Z=563.570) RuntimeGrid:None EditorOnly:0 RuntimeOnly:0 HLODRelevant:1 ListedInSceneOutliner:1 IsMainWorldOnly:0
 |   |   |- Guid:683AFB3D476FE3F9A71A9E85ED1B810E BaseClass: NativeClass:/Script/Engine.StaticMeshActor Name:StaticMeshActor_UAID_244BFE54F8BB2B1802_1269005415 Label:SM_bridge_01 SpatiallyLoaded:1 Bounds:IsValid=true, Min=(X=920.000 Y=1569.784 Z=-184.960), Max=(X=1320.000 Y=2109.986 Z=522.286) RuntimeGrid:None EditorOnly:0 RuntimeOnly:0 HLODRelevant:1 ListedInSceneOutliner:1 IsMainWorldOnly:0
 |   |   |- Guid:6BAF4DDD444C60371492D3919DB42C97 BaseClass: NativeClass:/Script/Engine.WorldDataLayers Name:WorldDataLayers Label:WorldDataLayers SpatiallyLoaded:0 Bounds:IsValid=true, Min=(X=0.000 Y=0.000 Z=0.000), Max=(X=0.000 Y=0.000 Z=0.000) RuntimeGrid:None EditorOnly:0 RuntimeOnly:0 HLODRelevant:0 ListedInSceneOutliner:1 IsMainWorldOnly:1
 |   |   |- Guid:6FCFED8640FDAEECC9B7389A0BCCA543 BaseClass: NativeClass:/Script/Engine.StaticMeshActor Name:StaticMeshActor_UAID_244BFE54F8BB2C1802_1734209636 Label:SM_cliff_03 SpatiallyLoaded:1 Bounds:IsValid=true, Min=(X=-3940.333 Y=2100.816 Z=-683.812), Max=(X=-2239.667 Y=3719.184 Z=2403.812) RuntimeGrid:None EditorOnly:0 RuntimeOnly:0 HLODRelevant:1 ListedInSceneOutliner:1 IsMainWorldOnly:0
 |   |   |- Guid:75F286BB43C588B7EAACADA1677046DB BaseClass: NativeClass:/Script/Engine.StaticMeshActor Name:StaticMeshActor_UAID_244BFE54F8BB2B1802_1232740414 Label:SM_flowers_01 SpatiallyLoaded:1 Bounds:IsValid=true, Min=(X=1010.247 Y=1609.542 Z=41.519), Max=(X=1098.027 Y=1685.519 Z=56.429) RuntimeGrid:None EditorOnly:0 RuntimeOnly:0 HLODRelevant:1 ListedInSceneOutliner:1 IsMainWorldOnly:0
 |   |   |- Guid:817EB4554B92F10AB382879F404C12F6 BaseClass: NativeClass:/Script/Engine.StaticMeshActor Name:StaticMeshActor_UAID_244BFE54F8BB2B1802_2054235443 Label:SM_wall_fence_7 SpatiallyLoaded:1 Bounds:IsValid=true, Min=(X=-730.029 Y=3250.000 Z=-1.326), Max=(X=70.001 Y=3610.000 Z=563.570) RuntimeGrid:None EditorOnly:0 RuntimeOnly:0 HLODRelevant:1 ListedInSceneOutliner:1 IsMainWorldOnly:0
 |   |   |- Guid:8346C1C74AC65FE50C353CB22C0937BE BaseClass: NativeClass:/Script/Engine.StaticMeshActor Name:StaticMeshActor_UAID_244BFE54F8BB2C1802_1960673643 Label:SM_cliff_6 SpatiallyLoaded:1 Bounds:IsValid=true, Min=(X=-4246.483 Y=4248.445 Z=471.625), Max=(X=-2433.517 Y=6051.555 Z=1968.375) RuntimeGrid:None EditorOnly:0 RuntimeOnly:0 HLODRelevant:1 ListedInSceneOutliner:1 IsMainWorldOnly:0
 |   |   |- Guid:876C983242D8B06138F22CB1C8798CF8 BaseClass: NativeClass:/Script/Engine.StaticMeshActor Name:StaticMeshActor_UAID_244BFE54F8BB2B1802_1880510436 Label:SM_wall_fence_3 SpatiallyLoaded:1 Bounds:IsValid=true, Min=(X=60.000 Y=-130.000 Z=-1.326), Max=(X=860.029 Y=230.000 Z=563.570) RuntimeGrid:None EditorOnly:0 RuntimeOnly:0 HLODRelevant:1 ListedInSceneOutliner:1 IsMainWorldOnly:0
 |   |   |- Guid:8DBB73C64CF671197F0404912D233005 BaseClass: NativeClass:/Script/Engine.StaticMeshActor Name:StaticMeshActor_UAID_244BFE54F8BB2B1802_2054237444 Label:SM_wall_fence_corner_4 SpatiallyLoaded:1 Bounds:IsValid=true, Min=(X=-1323.980 Y=3029.971 Z=-1.326), Max=(X=-729.999 Y=3623.997 Z=563.570) RuntimeGrid:None EditorOnly:0 RuntimeOnly:0 HLODRelevant:1 ListedInSceneOutliner:1 IsMainWorldOnly:0
 |   |   |- Guid:8EB06C4541671BCD3ECEC8B2B5E9394E BaseClass: NativeClass:/Script/Engine.StaticMeshActor Name:StaticMeshActor_UAID_244BFE54F8BB2B1802_1216254410 Label:SM_floor_01 SpatiallyLoaded:1 Bounds:IsValid=true, Min=(X=-1060.000 Y=-50.000 Z=-80.000), Max=(X=1540.000 Y=3550.000 Z=5.000) RuntimeGrid:None EditorOnly:0 RuntimeOnly:0 HLODRelevant:1 ListedInSceneOutliner:1 IsMainWorldOnly:0
 |   |   |- Guid:8F6AF2814A2EB212E3C44E8526F1305D BaseClass: NativeClass:/Script/Engine.StaticMeshActor Name:StaticMeshActor_UAID_244BFE54F8BB2C1802_1695558635 Label:SM_bush_flower_3 SpatiallyLoaded:1 Bounds:IsValid=true, Min=(X=734.130 Y=2269.669 Z=53.594), Max=(X=864.605 Y=2514.450 Z=162.950) RuntimeGrid:None EditorOnly:0 RuntimeOnly:0 HLODRelevant:1 ListedInSceneOutliner:1 IsMainWorldOnly:0
 |   |   |- Guid:91D8819C449403366E5AAFA04AC22748 BaseClass: NativeClass:/Script/Engine.StaticMeshActor Name:StaticMeshActor_UAID_244BFE54F8BB2B1802_2054238445 Label:SM_wall_fence_8 SpatiallyLoaded:1 Bounds:IsValid=true, Min=(X=-1310.000 Y=2229.971 Z=-1.326), Max=(X=-950.000 Y=3030.001 Z=563.570) RuntimeGrid:None EditorOnly:0 RuntimeOnly:0 HLODRelevant:1 ListedInSceneOutliner:1 IsMainWorldOnly:0
 |   |   |- Guid:952042B743E23F09A3006FB06BCF922B BaseClass: NativeClass:/Script/Engine.StaticMeshActor Name:StaticMeshActor_UAID_244BFE54F8BB2C1802_1801184638 Label:SM_cliff_01 SpatiallyLoaded:1 Bounds:IsValid=true, Min=(X=-6903.805 Y=-85.804 Z=-670.329), Max=(X=-4836.195 Y=1885.804 Z=3050.329) RuntimeGrid:None EditorOnly:0 RuntimeOnly:0 HLODRelevant:1 ListedInSceneOutliner:1 IsMainWorldOnly:0
 |   |   |- Guid:99E76C7848EB32AAFF7C11BEF71296FA BaseClass: NativeClass:/Script/Engine.StaticMeshActor Name:StaticMeshActor_UAID_244BFE54F8BB2B1802_1482524420 Label:SM_tower_02 SpatiallyLoaded:1 Bounds:IsValid=true, Min=(X=716.477 Y=728.176 Z=0.000), Max=(X=1802.720 Y=1812.450 Z=2354.551) RuntimeGrid:None EditorOnly:0 RuntimeOnly:0 HLODRelevant:1 ListedInSceneOutliner:1 IsMainWorldOnly:0
 |   |   |- Guid:9B93742D4F1F3F214E1318876DD4C031 BaseClass: NativeClass:/Script/Engine.StaticMeshActor Name:StaticMeshActor_UAID_244BFE54F8BB2B1802_1662989427 Label:SM_flag_banner_3 SpatiallyLoaded:1 Bounds:IsValid=true, Min=(X=770.737 Y=2483.020 Z=0.000), Max=(X=809.016 Y=2696.980 Z=516.792) RuntimeGrid:None EditorOnly:0 RuntimeOnly:0 HLODRelevant:1 ListedInSceneOutliner:1 IsMainWorldOnly:0
 |   |   |- Guid:A3F151624834BAF73D01568C841BCBDB BaseClass: NativeClass:/Script/Engine.StaticMeshActor Name:StaticMeshActor_UAID_244BFE54F8BB2B1802_1569477422 Label:SM_doorway_02 SpatiallyLoaded:1 Bounds:IsValid=true, Min=(X=469.074 Y=1654.218 Z=20.000), Max=(X=510.926 Y=2025.782 Z=509.035) RuntimeGrid:None EditorOnly:0 RuntimeOnly:0 HLODRelevant:1 ListedInSceneOutliner:1 IsMainWorldOnly:0
 |   |   |- Guid:B785ED2844B84CFB91E7F39FE661CD99 BaseClass: NativeClass:/Script/Engine.DirectionalLight Name:DirectionalLight_0 Label:DirectionalLight SpatiallyLoaded:0 Bounds:IsValid=true, Min=(X=-1048576.000 Y=-1048576.000 Z=-1048576.000), Max=(X=1048576.000 Y=1048576.000 Z=1048576.000) RuntimeGrid:None EditorOnly:0 RuntimeOnly:0 HLODRelevant:0 ListedInSceneOutliner:1 IsMainWorldOnly:0 FolderPath:Lighting FolderGuid:963EC3EB4002CCE9759E2EBA541A873A
 |   |   |- Guid:BAEC2C7C47FDC11AAF3E6194D3CBD229 BaseClass: NativeClass:/Script/Engine.StaticMeshActor Name:StaticMeshActor_UAID_244BFE54F8BB2B1802_1792215433 Label:SM_tree_3 SpatiallyLoaded:1 Bounds:IsValid=true, Min=(X=-561.609 Y=1801.671 Z=-147.419), Max=(X=486.851 Y=2934.581 Z=866.700) RuntimeGrid:None EditorOnly:0 RuntimeOnly:0 HLODRelevant:1 ListedInSceneOutliner:1 IsMainWorldOnly:0
 |   |   |- Guid:BDDB13C34DC8BFFC07AE05A7E72DE417 BaseClass: NativeClass:/Script/Engine.StaticMeshActor Name:StaticMeshActor_UAID_244BFE54F8BB2C1802_1885211640 Label:SM_cliff_2 SpatiallyLoaded:1 Bounds:IsValid=true, Min=(X=-4005.354 Y=4850.647 Z=-1833.035), Max=(X=-2454.646 Y=6329.353 Z=4213.035) RuntimeGrid:None EditorOnly:0 RuntimeOnly:0 HLODRelevant:1 ListedInSceneOutliner:1 IsMainWorldOnly:0
 |   |   |- Guid:CB7BEC7F4E463AC4EC197DBEC8CD60D9 BaseClass: NativeClass:/Script/Engine.StaticMeshActor Name:StaticMeshActor_UAID_244BFE54F8BB2B1802_1662991428 Label:SM_flag_banner_4 SpatiallyLoaded:1 Bounds:IsValid=true, Min=(X=780.737 Y=2093.020 Z=0.000), Max=(X=819.016 Y=2306.980 Z=516.792) RuntimeGrid:None EditorOnly:0 RuntimeOnly:0 HLODRelevant:1 ListedInSceneOutliner:1 IsMainWorldOnly:0
 |   |   |- Guid:CCFF262C46EEFFDF319E7F9539CE697E BaseClass: NativeClass:/Script/Engine.SkyAtmosphere Name:SkyAtmosphere_0 Label:SkyAtmosphere SpatiallyLoaded:0 Bounds:IsValid=true, Min=(X=0.000 Y=0.000 Z=1020.000), Max=(X=0.000 Y=0.000 Z=1020.000) RuntimeGrid:None EditorOnly:0 RuntimeOnly:0 HLODRelevant:0 ListedInSceneOutliner:1 IsMainWorldOnly:0 FolderPath:Lighting FolderGuid:963EC3EB4002CCE9759E2EBA541A873A
 |   |   |- Guid:D5AA407F47BB41C3123AB0A23C8232A9 BaseClass: NativeClass:/Script/Engine.StaticMeshActor Name:StaticMeshActor_UAID_244BFE54F8BB2B1802_1889739437 Label:SM_wall_fence_corner_2 SpatiallyLoaded:1 Bounds:IsValid=true, Min=(X=859.999 Y=-143.997 Z=-1.326), Max=(X=1453.980 Y=450.029 Z=563.570) RuntimeGrid:None EditorOnly:0 RuntimeOnly:0 HLODRelevant:1 ListedInSceneOutliner:1 IsMainWorldOnly:0
 |   |   |- Guid:DF687904421C47C2ADCB19A326B5C17E BaseClass: NativeClass:/Script/Engine.StaticMeshActor Name:StaticMeshActor_UAID_244BFE54F8BB2C1802_1695556634 Label:SM_stone_flower_bed_2 SpatiallyLoaded:1 Bounds:IsValid=true, Min=(X=730.000 Y=2250.000 Z=10.000), Max=(X=890.000 Y=2530.000 Z=85.000) RuntimeGrid:None EditorOnly:0 RuntimeOnly:0 HLODRelevant:1 ListedInSceneOutliner:1 IsMainWorldOnly:0
 |   |   |- Guid:DF9980B444CBF100BC76D2A8A46B029C BaseClass: NativeClass:/Script/Engine.StaticMeshActor Name:StaticMeshActor_UAID_244BFE54F8BB2C1802_1494552630 Label:SM_stone_flower_bed_02 SpatiallyLoaded:1 Bounds:IsValid=true, Min=(X=-428.307 Y=827.091 Z=-90.000), Max=(X=168.307 Y=1432.909 Z=41.250) RuntimeGrid:None EditorOnly:0 RuntimeOnly:0 HLODRelevant:1 ListedInSceneOutliner:1 IsMainWorldOnly:0
 |   |   |- Guid:EC15137D466A46960CB37F9A4DAD0BEE BaseClass: NativeClass:/Script/Engine.StaticMeshActor Name:StaticMeshActor_UAID_244BFE54F8BB2C1802_1838566639 Label:SM_cliff_4 SpatiallyLoaded:1 Bounds:IsValid=true, Min=(X=-5430.333 Y=-867.825 Z=-1563.812), Max=(X=-3729.667 Y=3447.825 Z=1523.812) RuntimeGrid:None EditorOnly:0 RuntimeOnly:0 HLODRelevant:1 ListedInSceneOutliner:1 IsMainWorldOnly:0
 |   |   |- Guid:EC4E0C944CE6AC6E784BC6BB2916EA13 BaseClass: NativeClass:/Script/Engine.StaticMeshActor Name:StaticMeshActor_UAID_A4AE111137DC5EFB00_1110535423 Label:SM_SkySphere SpatiallyLoaded:0 Bounds:IsValid=true, Min=(X=-1638400.000 Y=-1638400.000 Z=-1638400.000), Max=(X=1638400.000 Y=1638400.000 Z=1638400.000) RuntimeGrid:None EditorOnly:0 RuntimeOnly:0 HLODRelevant:1 ListedInSceneOutliner:1 IsMainWorldOnly:0 FolderPath:Lighting FolderGuid:963EC3EB4002CCE9759E2EBA541A873A
 |   |   |- Guid:EDF555C34C5501000C47C9AF66875258 BaseClass: NativeClass:/Script/Engine.StaticMeshActor Name:StaticMeshActor_UAID_244BFE54F8BB2C1802_1138920624 Label:StaticMeshActor SpatiallyLoaded:1 Bounds:IsValid=true, Min=(X=1070.000 Y=650.000 Z=-50.000), Max=(X=1070.000 Y=650.000 Z=-50.000) RuntimeGrid:None EditorOnly:0 RuntimeOnly:0 HLODRelevant:0 ListedInSceneOutliner:1 IsMainWorldOnly:0
 |   |   |- Guid:F1924B8D48954B30891B2DB6A694F9CC BaseClass: NativeClass:/Script/Engine.StaticMeshActor Name:StaticMeshActor_1 Label:SM_Cube SpatiallyLoaded:1 Bounds:IsValid=true, Min=(X=-1180.000 Y=0.000 Z=-50.000), Max=(X=1395.000 Y=3500.000 Z=0.000) RuntimeGrid:None EditorOnly:0 RuntimeOnly:0 HLODRelevant:1 ListedInSceneOutliner:1 IsMainWorldOnly:0 FolderPath:Playground FolderGuid:C73F09FC4215536B1DCE2A9E0A830C70
 |   |   |- Guid:F5E3FEB3450C49844FD93DA8E083C8AD BaseClass: NativeClass:/Script/Engine.PostProcessVolume Name:PostProcessVolume_0 Label:PostProcessVolume SpatiallyLoaded:0 Bounds:IsValid=true, Min=(X=0.000 Y=0.000 Z=400.000), Max=(X=200.000 Y=200.000 Z=600.000) RuntimeGrid:None EditorOnly:0 RuntimeOnly:0 HLODRelevant:0 ListedInSceneOutliner:1 IsMainWorldOnly:0 FolderPath:Lighting FolderGuid:963EC3EB4002CCE9759E2EBA541A873A
 |   |- [+] Clusters:
 |   |   |- [+] [  0]
 |   |   |   |- Guid:00BEF19B42FF52EFE7C3B993A87E9B8E BaseClass: NativeClass:/Script/Engine.StaticMeshActor Name:StaticMeshActor_UAID_244BFE54F8BB2B1802_2054231441 Label:SM_wall_fence_6 SpatiallyLoaded:1 Bounds:IsValid=true, Min=(X=59.971 Y=3250.000 Z=-1.326), Max=(X=860.001 Y=3610.000 Z=563.570) RuntimeGrid:None EditorOnly:0 RuntimeOnly:0 HLODRelevant:1 ListedInSceneOutliner:1 IsMainWorldOnly:0
 |   |   |- [+] [  1]
 |   |   |   |- Guid:030729E64CECCA826C8D68ADFDBA879B BaseClass: NativeClass:/Script/Engine.StaticMeshActor Name:StaticMeshActor_UAID_244BFE54F8BB2C1802_1919613641 Label:SM_cliff_5 SpatiallyLoaded:1 Bounds:IsValid=true, Min=(X=-5259.064 Y=2188.268 Z=-2293.812), Max=(X=179.064 Y=7291.732 Z=793.812) RuntimeGrid:None EditorOnly:0 RuntimeOnly:0 HLODRelevant:1 ListedInSceneOutliner:1 IsMainWorldOnly:0
 |   |   |- [+] [  2]
 |   |   |   |- Guid:0D0641FE45F33E0073843AB5F14E27BD BaseClass: NativeClass:/Script/Engine.StaticMeshActor Name:StaticMeshActor_UAID_244BFE54F8BB2B1802_1778758432 Label:SM_tree_02 SpatiallyLoaded:1 Bounds:IsValid=true, Min=(X=-395.445 Y=560.754 Z=-196.558), Max=(X=833.366 Y=1601.166 Z=1155.600) RuntimeGrid:None EditorOnly:0 RuntimeOnly:0 HLODRelevant:1 ListedInSceneOutliner:1 IsMainWorldOnly:0
 |   |   |- [+] [  3]
 |   |   |   |- Guid:0E92F71F40F016B478A30F800BD18DFA BaseClass: NativeClass:/Script/Engine.StaticMeshActor Name:StaticMeshActor_UAID_244BFE54F8BB2C1802_1634702632 Label:SM_stone_flower_bed_01 SpatiallyLoaded:1 Bounds:IsValid=true, Min=(X=720.000 Y=1140.000 Z=10.000), Max=(X=880.000 Y=1420.000 Z=85.000) RuntimeGrid:None EditorOnly:0 RuntimeOnly:0 HLODRelevant:1 ListedInSceneOutliner:1 IsMainWorldOnly:0
 |   |   |- [+] [  4]
 |   |   |   |- Guid:0F1A892E4A0574B3D1A8C980EC934E24 BaseClass: NativeClass:/Script/Engine.StaticMeshActor Name:StaticMeshActor_UAID_244BFE54F8BB2B1802_1840468435 Label:SM_wall_fence_corner_01 SpatiallyLoaded:1 Bounds:IsValid=true, Min=(X=-1323.997 Y=-143.980 Z=-1.326), Max=(X=-729.971 Y=450.001 Z=563.570) RuntimeGrid:None EditorOnly:0 RuntimeOnly:0 HLODRelevant:1 ListedInSceneOutliner:1 IsMainWorldOnly:0
 |   |   |- [+] [  5]
 |   |   |   |- Guid:15B908EA4AF8C70A4C3F4695F5E9DDE6 BaseClass: NativeClass:/Script/Engine.StaticMeshActor Name:StaticMeshActor_UAID_244BFE54F8BB2B1802_2054240446 Label:SM_wall_fence_9 SpatiallyLoaded:1 Bounds:IsValid=true, Min=(X=1080.000 Y=2229.971 Z=-1.326), Max=(X=1440.000 Y=3030.000 Z=563.570) RuntimeGrid:None EditorOnly:0 RuntimeOnly:0 HLODRelevant:1 ListedInSceneOutliner:1 IsMainWorldOnly:0
 |   |   |- [+] [  6]
 |   |   |   |- Guid:1824C1554513685E11973A8668CE5C12 BaseClass: NativeClass:/Script/Engine.StaticMeshActor Name:StaticMeshActor_UAID_244BFE54F8BB2B1802_1517208421 Label:SM_tower_3 SpatiallyLoaded:1 Bounds:IsValid=true, Min=(X=726.477 Y=1858.176 Z=0.000), Max=(X=1812.720 Y=2942.450 Z=2354.551) RuntimeGrid:None EditorOnly:0 RuntimeOnly:0 HLODRelevant:1 ListedInSceneOutliner:1 IsMainWorldOnly:0
 |   |   |- [+] [  7]
 |   |   |   |- Guid:1B8E440C4A82DEF230D206BC43243B3A BaseClass: NativeClass:/Script/Engine.StaticMeshActor Name:StaticMeshActor_UAID_244BFE54F8BB2B1802_2076418447 Label:SM_wall_fence_10 SpatiallyLoaded:1 Bounds:IsValid=true, Min=(X=-1310.000 Y=1249.999 Z=-1.326), Max=(X=-950.000 Y=2250.036 Z=563.570) RuntimeGrid:None EditorOnly:0 RuntimeOnly:0 HLODRelevant:1 ListedInSceneOutliner:1 IsMainWorldOnly:0
 |   |   |- [+] [  8]
 |   |   |   |- Guid:1EA065B3438BB811E82A3781D4213938 BaseClass: NativeClass:/Script/Engine.StaticMeshActor Name:StaticMeshActor_UAID_244BFE54F8BB2C1802_1942857642 Label:SM_cliff_3 SpatiallyLoaded:1 Bounds:IsValid=true, Min=(X=-4457.488 Y=3716.032 Z=191.625), Max=(X=-3162.512 Y=5003.968 Z=1688.375) RuntimeGrid:None EditorOnly:0 RuntimeOnly:0 HLODRelevant:1 ListedInSceneOutliner:1 IsMainWorldOnly:0
 |   |   |- [+] [  9]
 |   |   |   |- Guid:262E5F584BBF608CE74BB89018EE4963 BaseClass: NativeClass:/Script/Engine.StaticMeshActor Name:StaticMeshActor_UAID_244BFE54F8BB2B1802_1646116426 Label:SM_flag_banner_2 SpatiallyLoaded:1 Bounds:IsValid=true, Min=(X=770.737 Y=973.020 Z=0.000), Max=(X=809.016 Y=1186.980 Z=516.792) RuntimeGrid:None EditorOnly:0 RuntimeOnly:0 HLODRelevant:1 ListedInSceneOutliner:1 IsMainWorldOnly:0
 |   |   |- [+] [ 10]
 |   |   |   |- Guid:27B788AC483036F94C65159D45D2B22D BaseClass: NativeClass:/Script/Engine.StaticMeshActor Name:StaticMeshActor_UAID_244BFE54F8BB2A1802_2126792233 Label:SM_waterfall SpatiallyLoaded:1 Bounds:IsValid=true, Min=(X=1753.994 Y=1754.871 Z=0.000), Max=(X=2207.802 Y=2539.704 Z=1493.814) RuntimeGrid:None EditorOnly:0 RuntimeOnly:0 HLODRelevant:1 ListedInSceneOutliner:1 IsMainWorldOnly:0
 |   |   |- [+] [ 11]
 |   |   |   |- Guid:286B847A4D0FE55CCFCDF4BF1E7B39EA BaseClass: NativeClass:/Script/Engine.StaticMeshActor Name:StaticMeshActor_UAID_244BFE54F8BB2B1802_1808389434 Label:SM_wall_fence_02 SpatiallyLoaded:1 Bounds:IsValid=true, Min=(X=-730.000 Y=-130.000 Z=-1.326), Max=(X=70.029 Y=230.000 Z=563.570) RuntimeGrid:None EditorOnly:0 RuntimeOnly:0 HLODRelevant:1 ListedInSceneOutliner:1 IsMainWorldOnly:0
 |   |   |- [+] [ 12]
 |   |   |   |- Guid:2A458AB84F7B890B7BF006BA57AEBAEC BaseClass: NativeClass:/Script/Engine.StaticMeshActor Name:StaticMeshActor_UAID_244BFE54F8BB2B1802_1638454425 Label:SM_flag_banner_01 SpatiallyLoaded:1 Bounds:IsValid=true, Min=(X=760.737 Y=1363.020 Z=0.000), Max=(X=799.016 Y=1576.980 Z=516.792) RuntimeGrid:None EditorOnly:0 RuntimeOnly:0 HLODRelevant:1 ListedInSceneOutliner:1 IsMainWorldOnly:0
 |   |   |- [+] [ 13]
 |   |   |   |- Guid:2A6255D14FFDD28DCE57A99664724382 BaseClass: NativeClass:/Script/Engine.StaticMeshActor Name:StaticMeshActor_UAID_244BFE54F8BB2C1802_1543665631 Label:SM_stone_flower_bed_3 SpatiallyLoaded:1 Bounds:IsValid=true, Min=(X=-338.646 Y=2367.673 Z=-90.000), Max=(X=138.646 Y=2852.327 Z=41.250) RuntimeGrid:None EditorOnly:0 RuntimeOnly:0 HLODRelevant:1 ListedInSceneOutliner:1 IsMainWorldOnly:0
 |   |   |- [+] [ 14]
 |   |   |   |- Guid:2B9E5A1B4A0A32F7D1A25A874FD607AE BaseClass: NativeClass:/Script/Engine.StaticMeshActor Name:StaticMeshActor_UAID_244BFE54F8BB2B1802_2054234442 Label:SM_wall_fence_corner_3 SpatiallyLoaded:1 Bounds:IsValid=true, Min=(X=859.971 Y=3029.999 Z=-1.326), Max=(X=1453.997 Y=3623.980 Z=563.570) RuntimeGrid:None EditorOnly:0 RuntimeOnly:0 HLODRelevant:1 ListedInSceneOutliner:1 IsMainWorldOnly:0
 |   |   |- [+] [ 15]
 |   |   |   |- Guid:2FB58999456391D349DC0F86DAC136ED BaseClass: NativeClass:/Script/Engine.SkyLight Name:SkyLight_1 Label:SkyLight SpatiallyLoaded:0 Bounds:IsValid=true, Min=(X=0.000 Y=0.000 Z=690.000), Max=(X=0.000 Y=0.000 Z=690.000) RuntimeGrid:None EditorOnly:0 RuntimeOnly:0 HLODRelevant:0 ListedInSceneOutliner:1 IsMainWorldOnly:0 FolderPath:Lighting FolderGuid:963EC3EB4002CCE9759E2EBA541A873A
 |   |   |- [+] [ 16]
 |   |   |   |- Guid:316CF2A6494ACA4C0E4180A87D36AB8F BaseClass: NativeClass:/Script/Engine.ExponentialHeightFog Name:ExponentialHeightFog_0 Label:ExponentialHeightFog SpatiallyLoaded:0 Bounds:IsValid=true, Min=(X=-5600.000 Y=-50.000 Z=-6850.000), Max=(X=-5600.000 Y=-50.000 Z=-6850.000) RuntimeGrid:None EditorOnly:0 RuntimeOnly:0 HLODRelevant:0 ListedInSceneOutliner:1 IsMainWorldOnly:0 FolderPath:Lighting FolderGuid:963EC3EB4002CCE9759E2EBA541A873A
 |   |   |- [+] [ 17]
 |   |   |   |- Guid:3A00AA1C422CE54C0BDB60BAF471BFBB BaseClass: NativeClass:/Script/Engine.PlayerStart Name:PlayerStart_0 Label:PlayerStart SpatiallyLoaded:0 Bounds:IsValid=true, Min=(X=-720.000 Y=1850.000 Z=0.013), Max=(X=-640.000 Y=1930.000 Z=184.013) RuntimeGrid:None EditorOnly:0 RuntimeOnly:0 HLODRelevant:0 ListedInSceneOutliner:1 IsMainWorldOnly:0
 |   |   |- [+] [ 18]
 |   |   |   |- Guid:402120904F82D43750D4679B1BDFCB81 BaseClass: NativeClass:/Script/Engine.StaticMeshActor Name:StaticMeshActor_UAID_244BFE54F8BB2C1802_1778994637 Label:SM_cliff_02 SpatiallyLoaded:1 Bounds:IsValid=true, Min=(X=-3057.488 Y=1646.032 Z=-208.375), Max=(X=-1762.512 Y=2933.968 Z=1288.375) RuntimeGrid:None EditorOnly:0 RuntimeOnly:0 HLODRelevant:1 ListedInSceneOutliner:1 IsMainWorldOnly:0
 |   |   |- [+] [ 19]
 |   |   |   |- Guid:4D3BE93F4146AAAC8BBE79999D96D57F BaseClass: NativeClass:/Script/Engine.VolumetricCloud Name:VolumetricCloud_0 Label:VolumetricCloud SpatiallyLoaded:0 Bounds:IsValid=true, Min=(X=0.000 Y=0.000 Z=820.000), Max=(X=0.000 Y=0.000 Z=820.000) RuntimeGrid:None EditorOnly:0 RuntimeOnly:0 HLODRelevant:0 ListedInSceneOutliner:1 IsMainWorldOnly:0 FolderPath:Lighting FolderGuid:963EC3EB4002CCE9759E2EBA541A873A
 |   |   |- [+] [ 20]
 |   |   |   |- Guid:54A3FF804DA114553D77D1BC2FB0FCDA BaseClass: NativeClass:/Script/Engine.StaticMeshActor Name:StaticMeshActor_UAID_244BFE54F8BB2C1802_1682693633 Label:SM_bush_flower_02 SpatiallyLoaded:1 Bounds:IsValid=true, Min=(X=724.130 Y=1159.669 Z=53.594), Max=(X=854.605 Y=1404.450 Z=162.950) RuntimeGrid:None EditorOnly:0 RuntimeOnly:0 HLODRelevant:1 ListedInSceneOutliner:1 IsMainWorldOnly:0
 |   |   |- [+] [ 21]
 |   |   |   |- Guid:5FD7A710429BB3A805EE6780F0B43555 BaseClass: NativeClass:/Script/Engine.StaticMeshActor Name:StaticMeshActor_UAID_244BFE54F8BB2B1802_1920636439 Label:SM_wall_fence_4 SpatiallyLoaded:1 Bounds:IsValid=true, Min=(X=1080.000 Y=450.000 Z=-1.326), Max=(X=1440.000 Y=1250.029 Z=563.570) RuntimeGrid:None EditorOnly:0 RuntimeOnly:0 HLODRelevant:1 ListedInSceneOutliner:1 IsMainWorldOnly:0
 |   |   |- [+] [ 22]
 |   |   |   |- Guid:61946BEF47DEDB05617AB5B18450132C BaseClass: NativeClass:/Script/Engine.StaticMeshActor Name:StaticMeshActor_UAID_244BFE54F8BB2B1802_1333692419 Label:SM_stairs_03 SpatiallyLoaded:1 Bounds:IsValid=true, Min=(X=510.000 Y=1690.000 Z=-0.000), Max=(X=930.000 Y=1990.000 Z=420.000) RuntimeGrid:None EditorOnly:0 RuntimeOnly:0 HLODRelevant:1 ListedInSceneOutliner:1 IsMainWorldOnly:0
 |   |   |- [+] [ 23]
 |   |   |   |- Guid:65A6DEB74907C9B30DC885B66D08871B BaseClass: NativeClass:/Script/Engine.StaticMeshActor Name:StaticMeshActor_UAID_244BFE54F8BB2B1802_2002497440 Label:SM_wall_fence_5 SpatiallyLoaded:1 Bounds:IsValid=true, Min=(X=-1310.000 Y=450.000 Z=-1.326), Max=(X=-950.000 Y=1250.029 Z=563.570) RuntimeGrid:None EditorOnly:0 RuntimeOnly:0 HLODRelevant:1 ListedInSceneOutliner:1 IsMainWorldOnly:0
 |   |   |- [+] [ 24]
 |   |   |   |- Guid:683AFB3D476FE3F9A71A9E85ED1B810E BaseClass: NativeClass:/Script/Engine.StaticMeshActor Name:StaticMeshActor_UAID_244BFE54F8BB2B1802_1269005415 Label:SM_bridge_01 SpatiallyLoaded:1 Bounds:IsValid=true, Min=(X=920.000 Y=1569.784 Z=-184.960), Max=(X=1320.000 Y=2109.986 Z=522.286) RuntimeGrid:None EditorOnly:0 RuntimeOnly:0 HLODRelevant:1 ListedInSceneOutliner:1 IsMainWorldOnly:0
 |   |   |- [+] [ 25]
 |   |   |   |- Guid:6BAF4DDD444C60371492D3919DB42C97 BaseClass: NativeClass:/Script/Engine.WorldDataLayers Name:WorldDataLayers Label:WorldDataLayers SpatiallyLoaded:0 Bounds:IsValid=true, Min=(X=0.000 Y=0.000 Z=0.000), Max=(X=0.000 Y=0.000 Z=0.000) RuntimeGrid:None EditorOnly:0 RuntimeOnly:0 HLODRelevant:0 ListedInSceneOutliner:1 IsMainWorldOnly:1
 |   |   |- [+] [ 26]
 |   |   |   |- Guid:6FCFED8640FDAEECC9B7389A0BCCA543 BaseClass: NativeClass:/Script/Engine.StaticMeshActor Name:StaticMeshActor_UAID_244BFE54F8BB2C1802_1734209636 Label:SM_cliff_03 SpatiallyLoaded:1 Bounds:IsValid=true, Min=(X=-3940.333 Y=2100.816 Z=-683.812), Max=(X=-2239.667 Y=3719.184 Z=2403.812) RuntimeGrid:None EditorOnly:0 RuntimeOnly:0 HLODRelevant:1 ListedInSceneOutliner:1 IsMainWorldOnly:0
 |   |   |- [+] [ 27]
 |   |   |   |- Guid:75F286BB43C588B7EAACADA1677046DB BaseClass: NativeClass:/Script/Engine.StaticMeshActor Name:StaticMeshActor_UAID_244BFE54F8BB2B1802_1232740414 Label:SM_flowers_01 SpatiallyLoaded:1 Bounds:IsValid=true, Min=(X=1010.247 Y=1609.542 Z=41.519), Max=(X=1098.027 Y=1685.519 Z=56.429) RuntimeGrid:None EditorOnly:0 RuntimeOnly:0 HLODRelevant:1 ListedInSceneOutliner:1 IsMainWorldOnly:0
 |   |   |- [+] [ 28]
 |   |   |   |- Guid:817EB4554B92F10AB382879F404C12F6 BaseClass: NativeClass:/Script/Engine.StaticMeshActor Name:StaticMeshActor_UAID_244BFE54F8BB2B1802_2054235443 Label:SM_wall_fence_7 SpatiallyLoaded:1 Bounds:IsValid=true, Min=(X=-730.029 Y=3250.000 Z=-1.326), Max=(X=70.001 Y=3610.000 Z=563.570) RuntimeGrid:None EditorOnly:0 RuntimeOnly:0 HLODRelevant:1 ListedInSceneOutliner:1 IsMainWorldOnly:0
 |   |   |- [+] [ 29]
 |   |   |   |- Guid:8346C1C74AC65FE50C353CB22C0937BE BaseClass: NativeClass:/Script/Engine.StaticMeshActor Name:StaticMeshActor_UAID_244BFE54F8BB2C1802_1960673643 Label:SM_cliff_6 SpatiallyLoaded:1 Bounds:IsValid=true, Min=(X=-4246.483 Y=4248.445 Z=471.625), Max=(X=-2433.517 Y=6051.555 Z=1968.375) RuntimeGrid:None EditorOnly:0 RuntimeOnly:0 HLODRelevant:1 ListedInSceneOutliner:1 IsMainWorldOnly:0
 |   |   |- [+] [ 30]
 |   |   |   |- Guid:876C983242D8B06138F22CB1C8798CF8 BaseClass: NativeClass:/Script/Engine.StaticMeshActor Name:StaticMeshActor_UAID_244BFE54F8BB2B1802_1880510436 Label:SM_wall_fence_3 SpatiallyLoaded:1 Bounds:IsValid=true, Min=(X=60.000 Y=-130.000 Z=-1.326), Max=(X=860.029 Y=230.000 Z=563.570) RuntimeGrid:None EditorOnly:0 RuntimeOnly:0 HLODRelevant:1 ListedInSceneOutliner:1 IsMainWorldOnly:0
 |   |   |- [+] [ 31]
 |   |   |   |- Guid:8DBB73C64CF671197F0404912D233005 BaseClass: NativeClass:/Script/Engine.StaticMeshActor Name:StaticMeshActor_UAID_244BFE54F8BB2B1802_2054237444 Label:SM_wall_fence_corner_4 SpatiallyLoaded:1 Bounds:IsValid=true, Min=(X=-1323.980 Y=3029.971 Z=-1.326), Max=(X=-729.999 Y=3623.997 Z=563.570) RuntimeGrid:None EditorOnly:0 RuntimeOnly:0 HLODRelevant:1 ListedInSceneOutliner:1 IsMainWorldOnly:0
 |   |   |- [+] [ 32]
 |   |   |   |- Guid:8EB06C4541671BCD3ECEC8B2B5E9394E BaseClass: NativeClass:/Script/Engine.StaticMeshActor Name:StaticMeshActor_UAID_244BFE54F8BB2B1802_1216254410 Label:SM_floor_01 SpatiallyLoaded:1 Bounds:IsValid=true, Min=(X=-1060.000 Y=-50.000 Z=-80.000), Max=(X=1540.000 Y=3550.000 Z=5.000) RuntimeGrid:None EditorOnly:0 RuntimeOnly:0 HLODRelevant:1 ListedInSceneOutliner:1 IsMainWorldOnly:0
 |   |   |- [+] [ 33]
 |   |   |   |- Guid:8F6AF2814A2EB212E3C44E8526F1305D BaseClass: NativeClass:/Script/Engine.StaticMeshActor Name:StaticMeshActor_UAID_244BFE54F8BB2C1802_1695558635 Label:SM_bush_flower_3 SpatiallyLoaded:1 Bounds:IsValid=true, Min=(X=734.130 Y=2269.669 Z=53.594), Max=(X=864.605 Y=2514.450 Z=162.950) RuntimeGrid:None EditorOnly:0 RuntimeOnly:0 HLODRelevant:1 ListedInSceneOutliner:1 IsMainWorldOnly:0
 |   |   |- [+] [ 34]
 |   |   |   |- Guid:91D8819C449403366E5AAFA04AC22748 BaseClass: NativeClass:/Script/Engine.StaticMeshActor Name:StaticMeshActor_UAID_244BFE54F8BB2B1802_2054238445 Label:SM_wall_fence_8 SpatiallyLoaded:1 Bounds:IsValid=true, Min=(X=-1310.000 Y=2229.971 Z=-1.326), Max=(X=-950.000 Y=3030.001 Z=563.570) RuntimeGrid:None EditorOnly:0 RuntimeOnly:0 HLODRelevant:1 ListedInSceneOutliner:1 IsMainWorldOnly:0
 |   |   |- [+] [ 35]
 |   |   |   |- Guid:952042B743E23F09A3006FB06BCF922B BaseClass: NativeClass:/Script/Engine.StaticMeshActor Name:StaticMeshActor_UAID_244BFE54F8BB2C1802_1801184638 Label:SM_cliff_01 SpatiallyLoaded:1 Bounds:IsValid=true, Min=(X=-6903.805 Y=-85.804 Z=-670.329), Max=(X=-4836.195 Y=1885.804 Z=3050.329) RuntimeGrid:None EditorOnly:0 RuntimeOnly:0 HLODRelevant:1 ListedInSceneOutliner:1 IsMainWorldOnly:0
 |   |   |- [+] [ 36]
 |   |   |   |- Guid:99E76C7848EB32AAFF7C11BEF71296FA BaseClass: NativeClass:/Script/Engine.StaticMeshActor Name:StaticMeshActor_UAID_244BFE54F8BB2B1802_1482524420 Label:SM_tower_02 SpatiallyLoaded:1 Bounds:IsValid=true, Min=(X=716.477 Y=728.176 Z=0.000), Max=(X=1802.720 Y=1812.450 Z=2354.551) RuntimeGrid:None EditorOnly:0 RuntimeOnly:0 HLODRelevant:1 ListedInSceneOutliner:1 IsMainWorldOnly:0
 |   |   |- [+] [ 37]
 |   |   |   |- Guid:9B93742D4F1F3F214E1318876DD4C031 BaseClass: NativeClass:/Script/Engine.StaticMeshActor Name:StaticMeshActor_UAID_244BFE54F8BB2B1802_1662989427 Label:SM_flag_banner_3 SpatiallyLoaded:1 Bounds:IsValid=true, Min=(X=770.737 Y=2483.020 Z=0.000), Max=(X=809.016 Y=2696.980 Z=516.792) RuntimeGrid:None EditorOnly:0 RuntimeOnly:0 HLODRelevant:1 ListedInSceneOutliner:1 IsMainWorldOnly:0
 |   |   |- [+] [ 38]
 |   |   |   |- Guid:A3F151624834BAF73D01568C841BCBDB BaseClass: NativeClass:/Script/Engine.StaticMeshActor Name:StaticMeshActor_UAID_244BFE54F8BB2B1802_1569477422 Label:SM_doorway_02 SpatiallyLoaded:1 Bounds:IsValid=true, Min=(X=469.074 Y=1654.218 Z=20.000), Max=(X=510.926 Y=2025.782 Z=509.035) RuntimeGrid:None EditorOnly:0 RuntimeOnly:0 HLODRelevant:1 ListedInSceneOutliner:1 IsMainWorldOnly:0
 |   |   |- [+] [ 39]
 |   |   |   |- Guid:B785ED2844B84CFB91E7F39FE661CD99 BaseClass: NativeClass:/Script/Engine.DirectionalLight Name:DirectionalLight_0 Label:DirectionalLight SpatiallyLoaded:0 Bounds:IsValid=true, Min=(X=-1048576.000 Y=-1048576.000 Z=-1048576.000), Max=(X=1048576.000 Y=1048576.000 Z=1048576.000) RuntimeGrid:None EditorOnly:0 RuntimeOnly:0 HLODRelevant:0 ListedInSceneOutliner:1 IsMainWorldOnly:0 FolderPath:Lighting FolderGuid:963EC3EB4002CCE9759E2EBA541A873A
 |   |   |- [+] [ 40]
 |   |   |   |- Guid:BAEC2C7C47FDC11AAF3E6194D3CBD229 BaseClass: NativeClass:/Script/Engine.StaticMeshActor Name:StaticMeshActor_UAID_244BFE54F8BB2B1802_1792215433 Label:SM_tree_3 SpatiallyLoaded:1 Bounds:IsValid=true, Min=(X=-561.609 Y=1801.671 Z=-147.419), Max=(X=486.851 Y=2934.581 Z=866.700) RuntimeGrid:None EditorOnly:0 RuntimeOnly:0 HLODRelevant:1 ListedInSceneOutliner:1 IsMainWorldOnly:0
 |   |   |- [+] [ 41]
 |   |   |   |- Guid:BDDB13C34DC8BFFC07AE05A7E72DE417 BaseClass: NativeClass:/Script/Engine.StaticMeshActor Name:StaticMeshActor_UAID_244BFE54F8BB2C1802_1885211640 Label:SM_cliff_2 SpatiallyLoaded:1 Bounds:IsValid=true, Min=(X=-4005.354 Y=4850.647 Z=-1833.035), Max=(X=-2454.646 Y=6329.353 Z=4213.035) RuntimeGrid:None EditorOnly:0 RuntimeOnly:0 HLODRelevant:1 ListedInSceneOutliner:1 IsMainWorldOnly:0
 |   |   |- [+] [ 42]
 |   |   |   |- Guid:CB7BEC7F4E463AC4EC197DBEC8CD60D9 BaseClass: NativeClass:/Script/Engine.StaticMeshActor Name:StaticMeshActor_UAID_244BFE54F8BB2B1802_1662991428 Label:SM_flag_banner_4 SpatiallyLoaded:1 Bounds:IsValid=true, Min=(X=780.737 Y=2093.020 Z=0.000), Max=(X=819.016 Y=2306.980 Z=516.792) RuntimeGrid:None EditorOnly:0 RuntimeOnly:0 HLODRelevant:1 ListedInSceneOutliner:1 IsMainWorldOnly:0
 |   |   |- [+] [ 43]
 |   |   |   |- Guid:CCFF262C46EEFFDF319E7F9539CE697E BaseClass: NativeClass:/Script/Engine.SkyAtmosphere Name:SkyAtmosphere_0 Label:SkyAtmosphere SpatiallyLoaded:0 Bounds:IsValid=true, Min=(X=0.000 Y=0.000 Z=1020.000), Max=(X=0.000 Y=0.000 Z=1020.000) RuntimeGrid:None EditorOnly:0 RuntimeOnly:0 HLODRelevant:0 ListedInSceneOutliner:1 IsMainWorldOnly:0 FolderPath:Lighting FolderGuid:963EC3EB4002CCE9759E2EBA541A873A
 |   |   |- [+] [ 44]
 |   |   |   |- Guid:D5AA407F47BB41C3123AB0A23C8232A9 BaseClass: NativeClass:/Script/Engine.StaticMeshActor Name:StaticMeshActor_UAID_244BFE54F8BB2B1802_1889739437 Label:SM_wall_fence_corner_2 SpatiallyLoaded:1 Bounds:IsValid=true, Min=(X=859.999 Y=-143.997 Z=-1.326), Max=(X=1453.980 Y=450.029 Z=563.570) RuntimeGrid:None EditorOnly:0 RuntimeOnly:0 HLODRelevant:1 ListedInSceneOutliner:1 IsMainWorldOnly:0
 |   |   |- [+] [ 45]
 |   |   |   |- Guid:DF687904421C47C2ADCB19A326B5C17E BaseClass: NativeClass:/Script/Engine.StaticMeshActor Name:StaticMeshActor_UAID_244BFE54F8BB2C1802_1695556634 Label:SM_stone_flower_bed_2 SpatiallyLoaded:1 Bounds:IsValid=true, Min=(X=730.000 Y=2250.000 Z=10.000), Max=(X=890.000 Y=2530.000 Z=85.000) RuntimeGrid:None EditorOnly:0 RuntimeOnly:0 HLODRelevant:1 ListedInSceneOutliner:1 IsMainWorldOnly:0
 |   |   |- [+] [ 46]
 |   |   |   |- Guid:DF9980B444CBF100BC76D2A8A46B029C BaseClass: NativeClass:/Script/Engine.StaticMeshActor Name:StaticMeshActor_UAID_244BFE54F8BB2C1802_1494552630 Label:SM_stone_flower_bed_02 SpatiallyLoaded:1 Bounds:IsValid=true, Min=(X=-428.307 Y=827.091 Z=-90.000), Max=(X=168.307 Y=1432.909 Z=41.250) RuntimeGrid:None EditorOnly:0 RuntimeOnly:0 HLODRelevant:1 ListedInSceneOutliner:1 IsMainWorldOnly:0
 |   |   |- [+] [ 47]
 |   |   |   |- Guid:EC15137D466A46960CB37F9A4DAD0BEE BaseClass: NativeClass:/Script/Engine.StaticMeshActor Name:StaticMeshActor_UAID_244BFE54F8BB2C1802_1838566639 Label:SM_cliff_4 SpatiallyLoaded:1 Bounds:IsValid=true, Min=(X=-5430.333 Y=-867.825 Z=-1563.812), Max=(X=-3729.667 Y=3447.825 Z=1523.812) RuntimeGrid:None EditorOnly:0 RuntimeOnly:0 HLODRelevant:1 ListedInSceneOutliner:1 IsMainWorldOnly:0
 |   |   |- [+] [ 48]
 |   |   |   |- Guid:EC4E0C944CE6AC6E784BC6BB2916EA13 BaseClass: NativeClass:/Script/Engine.StaticMeshActor Name:StaticMeshActor_UAID_A4AE111137DC5EFB00_1110535423 Label:SM_SkySphere SpatiallyLoaded:0 Bounds:IsValid=true, Min=(X=-1638400.000 Y=-1638400.000 Z=-1638400.000), Max=(X=1638400.000 Y=1638400.000 Z=1638400.000) RuntimeGrid:None EditorOnly:0 RuntimeOnly:0 HLODRelevant:1 ListedInSceneOutliner:1 IsMainWorldOnly:0 FolderPath:Lighting FolderGuid:963EC3EB4002CCE9759E2EBA541A873A
 |   |   |- [+] [ 49]
 |   |   |   |- Guid:EDF555C34C5501000C47C9AF66875258 BaseClass: NativeClass:/Script/Engine.StaticMeshActor Name:StaticMeshActor_UAID_244BFE54F8BB2C1802_1138920624 Label:StaticMeshActor SpatiallyLoaded:1 Bounds:IsValid=true, Min=(X=1070.000 Y=650.000 Z=-50.000), Max=(X=1070.000 Y=650.000 Z=-50.000) RuntimeGrid:None EditorOnly:0 RuntimeOnly:0 HLODRelevant:0 ListedInSceneOutliner:1 IsMainWorldOnly:0
 |   |   |- [+] [ 50]
 |   |   |   |- Guid:F1924B8D48954B30891B2DB6A694F9CC BaseClass: NativeClass:/Script/Engine.StaticMeshActor Name:StaticMeshActor_1 Label:SM_Cube SpatiallyLoaded:1 Bounds:IsValid=true, Min=(X=-1180.000 Y=0.000 Z=-50.000), Max=(X=1395.000 Y=3500.000 Z=0.000) RuntimeGrid:None EditorOnly:0 RuntimeOnly:0 HLODRelevant:1 ListedInSceneOutliner:1 IsMainWorldOnly:0 FolderPath:Playground FolderGuid:C73F09FC4215536B1DCE2A9E0A830C70
 |   |   |- [+] [ 51]
 |   |   |   |- Guid:F5E3FEB3450C49844FD93DA8E083C8AD BaseClass: NativeClass:/Script/Engine.PostProcessVolume Name:PostProcessVolume_0 Label:PostProcessVolume SpatiallyLoaded:0 Bounds:IsValid=true, Min=(X=0.000 Y=0.000 Z=400.000), Max=(X=200.000 Y=200.000 Z=600.000) RuntimeGrid:None EditorOnly:0 RuntimeOnly:0 HLODRelevant:0 ListedInSceneOutliner:1 IsMainWorldOnly:0 FolderPath:Lighting FolderGuid:963EC3EB4002CCE9759E2EBA541A873A
 |- ContainerInstances:
 |- [+] MainContainer:
 |   |-        ID: 00000000000000000000000000000000
 |   |-  ParentID: 00000000000000000000000000000000
 |   |-    Bounds: IsValid=false, Min=(X=0.000 Y=0.000 Z=0.000), Max=(X=0.000 Y=0.000 Z=0.000)
 |   |- Transform: 0.000000,0.000000,0.000000|0.000000,0.000000,-0.000000|1.000000,1.000000,1.000000
 |   |- Container: /Game/ThirdPerson/Maps/ThirdPersonMap
----------------------------------------------------------------------------------------------------------------
ThirdPersonMap - Persistent Level
----------------------------------------------------------------------------------------------------------------
[+] Content of ThirdPersonMap Persistent Level
 |- Always loaded Actor Count: 52 
 |- Actor Path: /Game/ThirdPerson/Maps/ThirdPersonMap.ThirdPersonMap:PersistentLevel.DirectionalLight_0
 |- Actor Package: /Game/__ExternalActors__/ThirdPerson/Maps/ThirdPersonMap/5/R1/TS5OQ5CRUWFZYL1ZQ7I416
 |- Actor Path: /Game/ThirdPerson/Maps/ThirdPersonMap.ThirdPersonMap:PersistentLevel.ExponentialHeightFog_0
 |- Actor Package: /Game/__ExternalActors__/ThirdPerson/Maps/ThirdPersonMap/6/J7/N10XDC9G27EMLS5AGZ6AVV
 |- Actor Path: /Game/ThirdPerson/Maps/ThirdPersonMap.ThirdPersonMap:PersistentLevel.PlayerStart_0
 |- Actor Package: /Game/__ExternalActors__/ThirdPerson/Maps/ThirdPersonMap/D/DE/SWSI13675DVYIZ0N4NF7Y3
 |- Actor Path: /Game/ThirdPerson/Maps/ThirdPersonMap.ThirdPersonMap:PersistentLevel.PostProcessVolume_0
 |- Actor Package: /Game/__ExternalActors__/ThirdPerson/Maps/ThirdPersonMap/1/AZ/A7GPT109Y6ZTTJD4A7TXER
 |- Actor Path: /Game/ThirdPerson/Maps/ThirdPersonMap.ThirdPersonMap:PersistentLevel.SkyAtmosphere_0
 |- Actor Package: /Game/__ExternalActors__/ThirdPerson/Maps/ThirdPersonMap/4/LN/30UBDLYFFA5ZR7U4W4L4GG
 |- Actor Path: /Game/ThirdPerson/Maps/ThirdPersonMap.ThirdPersonMap:PersistentLevel.SkyLight_1
 |- Actor Package: /Game/__ExternalActors__/ThirdPerson/Maps/ThirdPersonMap/8/S1/DXUWD12MD3HRWVVXX076BY
 |- Actor Path: /Game/ThirdPerson/Maps/ThirdPersonMap.ThirdPersonMap:PersistentLevel.StaticMeshActor_1
 |- Actor Package: /Game/__ExternalActors__/ThirdPerson/Maps/ThirdPersonMap/6/YO/NG2R9BPZVA7ZDN0Z4VSTG6
 |- Actor Path: /Game/ThirdPerson/Maps/ThirdPersonMap.ThirdPersonMap:PersistentLevel.StaticMeshActor_UAID_244BFE54F8BB2A1802_2126792233
 |- Actor Package: /Game/__ExternalActors__/ThirdPerson/Maps/ThirdPersonMap/7/H8/FV7KIJA3PVFS303JP8YR4G
 |- Actor Path: /Game/ThirdPerson/Maps/ThirdPersonMap.ThirdPersonMap:PersistentLevel.StaticMeshActor_UAID_244BFE54F8BB2B1802_1216254410
 |- Actor Package: /Game/__ExternalActors__/ThirdPerson/Maps/ThirdPersonMap/1/LS/OSGBJWTJJI5QGS4PUXLRGB
 |- Actor Path: /Game/ThirdPerson/Maps/ThirdPersonMap.ThirdPersonMap:PersistentLevel.StaticMeshActor_UAID_244BFE54F8BB2B1802_1232740414
 |- Actor Package: /Game/__ExternalActors__/ThirdPerson/Maps/ThirdPersonMap/E/GJ/MZY37QBK08NV90LX80CS42
 |- Actor Path: /Game/ThirdPerson/Maps/ThirdPersonMap.ThirdPersonMap:PersistentLevel.StaticMeshActor_UAID_244BFE54F8BB2B1802_1269005415
 |- Actor Package: /Game/__ExternalActors__/ThirdPerson/Maps/ThirdPersonMap/2/H9/XUNMUQ7YO10AOLWH6UNHK2
 |- Actor Path: /Game/ThirdPerson/Maps/ThirdPersonMap.ThirdPersonMap:PersistentLevel.StaticMeshActor_UAID_244BFE54F8BB2B1802_1333692419
 |- Actor Package: /Game/__ExternalActors__/ThirdPerson/Maps/ThirdPersonMap/B/21/L6KJT714WQDTG1KTZRZT4C
 |- Actor Path: /Game/ThirdPerson/Maps/ThirdPersonMap.ThirdPersonMap:PersistentLevel.StaticMeshActor_UAID_244BFE54F8BB2B1802_1482524420
 |- Actor Package: /Game/__ExternalActors__/ThirdPerson/Maps/ThirdPersonMap/6/VR/FXXFFV0UU6TX8N19LHULWK
 |- Actor Path: /Game/ThirdPerson/Maps/ThirdPersonMap.ThirdPersonMap:PersistentLevel.StaticMeshActor_UAID_244BFE54F8BB2B1802_1517208421
 |- Actor Package: /Game/__ExternalActors__/ThirdPerson/Maps/ThirdPersonMap/4/MN/6CG1NW1KIU6LPF1VCOB9AN
 |- Actor Path: /Game/ThirdPerson/Maps/ThirdPersonMap.ThirdPersonMap:PersistentLevel.StaticMeshActor_UAID_244BFE54F8BB2B1802_1569477422
 |- Actor Package: /Game/__ExternalActors__/ThirdPerson/Maps/ThirdPersonMap/9/YW/7ZX5FIBLK6J3XPXOMVGJIA
 |- Actor Path: /Game/ThirdPerson/Maps/ThirdPersonMap.ThirdPersonMap:PersistentLevel.StaticMeshActor_UAID_244BFE54F8BB2B1802_1638454425
 |- Actor Package: /Game/__ExternalActors__/ThirdPerson/Maps/ThirdPersonMap/C/W5/442IFPQFEXJU72182IKSF8
 |- Actor Path: /Game/ThirdPerson/Maps/ThirdPersonMap.ThirdPersonMap:PersistentLevel.StaticMeshActor_UAID_244BFE54F8BB2B1802_1646116426
 |- Actor Package: /Game/__ExternalActors__/ThirdPerson/Maps/ThirdPersonMap/1/XJ/LK6GQYJUMEPBPW7SS0ATS3
 |- Actor Path: /Game/ThirdPerson/Maps/ThirdPersonMap.ThirdPersonMap:PersistentLevel.StaticMeshActor_UAID_244BFE54F8BB2B1802_1662989427
 |- Actor Package: /Game/__ExternalActors__/ThirdPerson/Maps/ThirdPersonMap/E/4L/E0NBG1FH71CS2GMRBTADVJ
 |- Actor Path: /Game/ThirdPerson/Maps/ThirdPersonMap.ThirdPersonMap:PersistentLevel.StaticMeshActor_UAID_244BFE54F8BB2B1802_1662991428
 |- Actor Package: /Game/__ExternalActors__/ThirdPerson/Maps/ThirdPersonMap/E/SO/8RRMUGZCXBWCXUJBOUYK98
 |- Actor Path: /Game/ThirdPerson/Maps/ThirdPersonMap.ThirdPersonMap:PersistentLevel.StaticMeshActor_UAID_244BFE54F8BB2B1802_1778758432
 |- Actor Package: /Game/__ExternalActors__/ThirdPerson/Maps/ThirdPersonMap/D/5U/7U2AAT6CXSCNEBWB47YYVM
 |- Actor Path: /Game/ThirdPerson/Maps/ThirdPersonMap.ThirdPersonMap:PersistentLevel.StaticMeshActor_UAID_244BFE54F8BB2B1802_1792215433
 |- Actor Package: /Game/__ExternalActors__/ThirdPerson/Maps/ThirdPersonMap/7/W9/LLQRLKGBOS1054RN3J9XUN
 |- Actor Path: /Game/ThirdPerson/Maps/ThirdPersonMap.ThirdPersonMap:PersistentLevel.StaticMeshActor_UAID_244BFE54F8BB2B1802_1808389434
 |- Actor Package: /Game/__ExternalActors__/ThirdPerson/Maps/ThirdPersonMap/A/WA/ILKG834BTTKG9ZXSEO1VIU
 |- Actor Path: /Game/ThirdPerson/Maps/ThirdPersonMap.ThirdPersonMap:PersistentLevel.StaticMeshActor_UAID_244BFE54F8BB2B1802_1840468435
 |- Actor Package: /Game/__ExternalActors__/ThirdPerson/Maps/ThirdPersonMap/B/Y0/6I94XREQO5SQ38QR9V7K5I
 |- Actor Path: /Game/ThirdPerson/Maps/ThirdPersonMap.ThirdPersonMap:PersistentLevel.StaticMeshActor_UAID_244BFE54F8BB2B1802_1880510436
 |- Actor Package: /Game/__ExternalActors__/ThirdPerson/Maps/ThirdPersonMap/8/VD/XLUADN1NDR1PS4808MYQO4
 |- Actor Path: /Game/ThirdPerson/Maps/ThirdPersonMap.ThirdPersonMap:PersistentLevel.StaticMeshActor_UAID_244BFE54F8BB2B1802_1889739437
 |- Actor Package: /Game/__ExternalActors__/ThirdPerson/Maps/ThirdPersonMap/5/V1/JG4ILRTRUD05UQGKFO2DHA
 |- Actor Path: /Game/ThirdPerson/Maps/ThirdPersonMap.ThirdPersonMap:PersistentLevel.StaticMeshActor_UAID_244BFE54F8BB2B1802_1920636439
 |- Actor Package: /Game/__ExternalActors__/ThirdPerson/Maps/ThirdPersonMap/6/AV/CCFMFCNUT9XXJ6IWM1N415
 |- Actor Path: /Game/ThirdPerson/Maps/ThirdPersonMap.ThirdPersonMap:PersistentLevel.StaticMeshActor_UAID_244BFE54F8BB2B1802_2002497440
 |- Actor Package: /Game/__ExternalActors__/ThirdPerson/Maps/ThirdPersonMap/0/E8/HJF1DZSXURNA6QYKDIN7OV
 |- Actor Path: /Game/ThirdPerson/Maps/ThirdPersonMap.ThirdPersonMap:PersistentLevel.StaticMeshActor_UAID_244BFE54F8BB2B1802_2054231441
 |- Actor Package: /Game/__ExternalActors__/ThirdPerson/Maps/ThirdPersonMap/1/LE/JJY8Z6OR0XW2XCWDBTG1RN
 |- Actor Path: /Game/ThirdPerson/Maps/ThirdPersonMap.ThirdPersonMap:PersistentLevel.StaticMeshActor_UAID_244BFE54F8BB2B1802_2054234442
 |- Actor Package: /Game/__ExternalActors__/ThirdPerson/Maps/ThirdPersonMap/C/9K/QUWP6O9KPVH0978RIA39I3
 |- Actor Path: /Game/ThirdPerson/Maps/ThirdPersonMap.ThirdPersonMap:PersistentLevel.StaticMeshActor_UAID_244BFE54F8BB2B1802_2054235443
 |- Actor Package: /Game/__ExternalActors__/ThirdPerson/Maps/ThirdPersonMap/1/DM/ON1U7HUJELWMJF8Z8SWE48
 |- Actor Path: /Game/ThirdPerson/Maps/ThirdPersonMap.ThirdPersonMap:PersistentLevel.StaticMeshActor_UAID_244BFE54F8BB2B1802_2054237444
 |- Actor Package: /Game/__ExternalActors__/ThirdPerson/Maps/ThirdPersonMap/3/FF/5DZ3IYA6FPBZ8POHOE56QP
 |- Actor Path: /Game/ThirdPerson/Maps/ThirdPersonMap.ThirdPersonMap:PersistentLevel.StaticMeshActor_UAID_244BFE54F8BB2B1802_2054238445
 |- Actor Package: /Game/__ExternalActors__/ThirdPerson/Maps/ThirdPersonMap/A/KP/U4VM4YNP9SY7IAK97HRNZP
 |- Actor Path: /Game/ThirdPerson/Maps/ThirdPersonMap.ThirdPersonMap:PersistentLevel.StaticMeshActor_UAID_244BFE54F8BB2B1802_2054240446
 |- Actor Package: /Game/__ExternalActors__/ThirdPerson/Maps/ThirdPersonMap/5/YR/N29FMU2QYS7KMT0D19A30U
 |- Actor Path: /Game/ThirdPerson/Maps/ThirdPersonMap.ThirdPersonMap:PersistentLevel.StaticMeshActor_UAID_244BFE54F8BB2B1802_2076418447
 |- Actor Package: /Game/__ExternalActors__/ThirdPerson/Maps/ThirdPersonMap/8/RB/IILQDR9CH1ERW1YRKRM3D2
 |- Actor Path: /Game/ThirdPerson/Maps/ThirdPersonMap.ThirdPersonMap:PersistentLevel.StaticMeshActor_UAID_244BFE54F8BB2C1802_1138920624
 |- Actor Package: /Game/__ExternalActors__/ThirdPerson/Maps/ThirdPersonMap/8/7V/86KJT759KI9BDQAQCXRQ0O
 |- Actor Path: /Game/ThirdPerson/Maps/ThirdPersonMap.ThirdPersonMap:PersistentLevel.StaticMeshActor_UAID_244BFE54F8BB2C1802_1494552630
 |- Actor Package: /Game/__ExternalActors__/ThirdPerson/Maps/ThirdPersonMap/4/3X/WDQ8F65MK24048DB5GEKJM
 |- Actor Path: /Game/ThirdPerson/Maps/ThirdPersonMap.ThirdPersonMap:PersistentLevel.StaticMeshActor_UAID_244BFE54F8BB2C1802_1543665631
 |- Actor Package: /Game/__ExternalActors__/ThirdPerson/Maps/ThirdPersonMap/A/XU/KG3X3Q51U69DWDPKRQ6L7G
 |- Actor Path: /Game/ThirdPerson/Maps/ThirdPersonMap.ThirdPersonMap:PersistentLevel.StaticMeshActor_UAID_244BFE54F8BB2C1802_1634702632
 |- Actor Package: /Game/__ExternalActors__/ThirdPerson/Maps/ThirdPersonMap/2/AA/NUD5ZS5WWHAY9CI9QQGISI
 |- Actor Path: /Game/ThirdPerson/Maps/ThirdPersonMap.ThirdPersonMap:PersistentLevel.StaticMeshActor_UAID_244BFE54F8BB2C1802_1682693633
 |- Actor Package: /Game/__ExternalActors__/ThirdPerson/Maps/ThirdPersonMap/6/V3/JBADDV27FMVLD4EKXWPLO1
 |- Actor Path: /Game/ThirdPerson/Maps/ThirdPersonMap.ThirdPersonMap:PersistentLevel.StaticMeshActor_UAID_244BFE54F8BB2C1802_1695556634
 |- Actor Package: /Game/__ExternalActors__/ThirdPerson/Maps/ThirdPersonMap/9/68/GKVYC8TMNN1H2MOYAPSD11
 |- Actor Path: /Game/ThirdPerson/Maps/ThirdPersonMap.ThirdPersonMap:PersistentLevel.StaticMeshActor_UAID_244BFE54F8BB2C1802_1695558635
 |- Actor Package: /Game/__ExternalActors__/ThirdPerson/Maps/ThirdPersonMap/9/UG/TMYLCV3WFY8Y5SVIXPONFG
 |- Actor Path: /Game/ThirdPerson/Maps/ThirdPersonMap.ThirdPersonMap:PersistentLevel.StaticMeshActor_UAID_244BFE54F8BB2C1802_1734209636
 |- Actor Package: /Game/__ExternalActors__/ThirdPerson/Maps/ThirdPersonMap/B/DF/7SXYZRLLABCQQ9V32FPTZN
 |- Actor Path: /Game/ThirdPerson/Maps/ThirdPersonMap.ThirdPersonMap:PersistentLevel.StaticMeshActor_UAID_244BFE54F8BB2C1802_1778994637
 |- Actor Package: /Game/__ExternalActors__/ThirdPerson/Maps/ThirdPersonMap/4/8X/74IR1Q7H2JS323D9E7UGWS
 |- Actor Path: /Game/ThirdPerson/Maps/ThirdPersonMap.ThirdPersonMap:PersistentLevel.StaticMeshActor_UAID_244BFE54F8BB2C1802_1801184638
 |- Actor Package: /Game/__ExternalActors__/ThirdPerson/Maps/ThirdPersonMap/5/MH/RF7KCEU9QWEG0HUC6ZTAIJ
 |- Actor Path: /Game/ThirdPerson/Maps/ThirdPersonMap.ThirdPersonMap:PersistentLevel.StaticMeshActor_UAID_244BFE54F8BB2C1802_1838566639
 |- Actor Package: /Game/__ExternalActors__/ThirdPerson/Maps/ThirdPersonMap/7/TQ/TGE7ZN61WFPH6QVSMPDK6V
 |- Actor Path: /Game/ThirdPerson/Maps/ThirdPersonMap.ThirdPersonMap:PersistentLevel.StaticMeshActor_UAID_244BFE54F8BB2C1802_1885211640
 |- Actor Package: /Game/__ExternalActors__/ThirdPerson/Maps/ThirdPersonMap/1/4D/AHSFBWI7PJ0JG176OIH3O3
 |- Actor Path: /Game/ThirdPerson/Maps/ThirdPersonMap.ThirdPersonMap:PersistentLevel.StaticMeshActor_UAID_244BFE54F8BB2C1802_1919613641
 |- Actor Package: /Game/__ExternalActors__/ThirdPerson/Maps/ThirdPersonMap/5/YN/PTWR5XAH0A9970A6L7K12E
 |- Actor Path: /Game/ThirdPerson/Maps/ThirdPersonMap.ThirdPersonMap:PersistentLevel.StaticMeshActor_UAID_244BFE54F8BB2C1802_1942857642
 |- Actor Package: /Game/__ExternalActors__/ThirdPerson/Maps/ThirdPersonMap/D/7S/4A57UZJOMNH97ISAXEQ7BH
 |- Actor Path: /Game/ThirdPerson/Maps/ThirdPersonMap.ThirdPersonMap:PersistentLevel.StaticMeshActor_UAID_244BFE54F8BB2C1802_1960673643
 |- Actor Package: /Game/__ExternalActors__/ThirdPerson/Maps/ThirdPersonMap/A/4R/CGUTNUV4JG71GXJQ0NWA5D
 |- Actor Path: /Game/ThirdPerson/Maps/ThirdPersonMap.ThirdPersonMap:PersistentLevel.StaticMeshActor_UAID_A4AE111137DC5EFB00_1110535423
 |- Actor Package: /Game/__ExternalActors__/ThirdPerson/Maps/ThirdPersonMap/4/PN/2QISIGK5DJNQ05US8O8FXW
 |- Actor Path: /Game/ThirdPerson/Maps/ThirdPersonMap.ThirdPersonMap:PersistentLevel.VolumetricCloud_0
 |- Actor Package: /Game/__ExternalActors__/ThirdPerson/Maps/ThirdPersonMap/3/EY/87SHEJN5UBEAN2K5OV1G6R
 |- Actor Path: /Game/ThirdPerson/Maps/ThirdPersonMap.ThirdPersonMap:PersistentLevel.WorldDataLayers
 |- Actor Package: /Game/__ExternalActors__/ThirdPerson/Maps/ThirdPersonMap/0/43/HYQWORMY4JDQ5X3OKZXFLC

----------------------------------------------------------------------------------------------------------------
ThirdPersonMap - Runtime Spatial Hash
----------------------------------------------------------------------------------------------------------------
[+] StreamingGrids
 |- [+] MainGrid
 |   |-             Origin: X=0.000 Y=0.000 Z=0.000
 |   |-          Cell Size: 12800
 |   |-       World Bounds: IsValid=false, Min=(X=0.000 Y=0.000 Z=0.000), Max=(X=0.000 Y=0.000 Z=0.000)
 |   |-      Loading Range: 25600.00
 |   |- Block Slow Loading: No
 |   |-  ClientOnlyVisible: No
 |   |- 
 |   |- [+] Grid Levels: 1
 |   |   |- Level  0: Cell Count    0 | Cell Size   12800 | Actor Count    0 (0.0%)
 |   |- 
 |   |- [+] Content of Grid Level 0
 |   |- 
